<?xml version="1.0" encoding="UTF-8"?>
<!-- Generated by org.testng.reporters.JUnitReportReporter -->
<testsuite hostname="LAPTOP-IBL78H48" failures="0" tests="3" name="ramlaljava.test.SubmitOrderTest" time="418.435" errors="0" timestamp="2024-05-20T20:21:36 IST" skipped="0">
  <testcase classname="ramlaljava.test.SubmitOrderTest" name="placeOrder" time="200.520"/>
  <testcase classname="ramlaljava.test.SubmitOrderTest" name="orderHistoryTest" time="111.825"/>
  <testcase classname="ramlaljava.test.SubmitOrderTest" name="placeOrder" time="106.090"/>
</testsuite> <!-- ramlaljava.test.SubmitOrderTest -->
