<?xml version="1.0" encoding="UTF-8"?>
<!-- Generated by org.testng.reporters.JUnitReportReporter -->
<testsuite hostname="LAPTOP-IBL78H48" failures="0" tests="1" name="ramlaljava.test.submitOrder" time="20.465" errors="0" timestamp="2024-04-08T20:56:26 IST" skipped="0">
  <testcase classname="ramlaljava.test.submitOrder" name="placeOrder" time="20.465"/>
</testsuite> <!-- ramlaljava.test.submitOrder -->
