<?xml version="1.0" encoding="UTF-8"?>
<!-- Generated by org.testng.reporters.JUnitReportReporter -->
<testsuite hostname="LAPTOP-IBL78H48" failures="0" tests="1" name="ramlaljava.test.ErrorValidation" time="11.766" errors="0" timestamp="2024-04-08T21:12:29 IST" skipped="0">
  <testcase classname="ramlaljava.test.ErrorValidation" name="placeOrder" time="11.766"/>
</testsuite> <!-- ramlaljava.test.ErrorValidation -->
