<?xml version="1.0" encoding="UTF-8"?>
<!-- Generated by org.testng.reporters.JUnitReportReporter -->
<testsuite hostname="LAPTOP-IBL78H48" failures="0" tests="2" name="ramlaljava.test.SubmitOrderTest" time="72.952" errors="0" timestamp="2024-05-20T23:18:42 IST" skipped="0">
  <testcase classname="ramlaljava.test.SubmitOrderTest" name="placeOrder" time="41.781"/>
  <testcase classname="ramlaljava.test.SubmitOrderTest" name="placeOrder" time="31.171"/>
</testsuite> <!-- ramlaljava.test.SubmitOrderTest -->
